<?xml version="1.0" encoding="UTF-8"?>
<!-- Generated by org.testng.reporters.JUnitXMLReporter -->
<testsuite hostname="GYAN-LAB-PC11" ignored="0" name="Test" tests="2" failures="1" timestamp="2020-01-06T15:25:34 IST" time="5.325" errors="0">
  <testcase name="verifyHomePageTC" time="0.133" classname="TestCases.HomeTestCase">
    <failure type="java.lang.NullPointerException">
      <![CDATA[java.lang.NullPointerException
at commonProperties.Utilities.checkElementPresent(Utilities.java:83)
at PageObj.HomePage.verifyhomePage(HomePage.java:9)
at TestCases.HomeTestCase.verifyHomePageTC(HomeTestCase.java:12)
at java.util.ArrayList.forEach(ArrayList.java:1249)
... Removed 27 stack frames]]>
    </failure>
  </testcase> <!-- verifyHomePageTC -->
  <testcase name="chkLoginFunc" time="5.078" classname="TestCases.LoginTestCase"/>
</testsuite> <!-- Test -->
